Jan-03 22:55:25.945 [main] DEBUG nextflow.cli.Launcher - $> nextflow main.nf
Jan-03 22:55:26.090 [main] INFO  nextflow.cli.CmdRun - N E X T F L O W  ~  version 20.10.0
Jan-03 22:55:26.105 [main] INFO  nextflow.cli.CmdRun - Launching `main.nf` [cheeky_goldwasser] - revision: 10543e2711
Jan-03 22:55:26.222 [main] DEBUG nextflow.Session - Session uuid: 151899f0-7104-462b-81e9-b7fec2cf6ae4
Jan-03 22:55:26.223 [main] DEBUG nextflow.Session - Run name: cheeky_goldwasser
Jan-03 22:55:26.225 [main] DEBUG nextflow.Session - Executor pool size: 8
Jan-03 22:55:26.268 [main] DEBUG nextflow.cli.CmdRun - 
  Version: 20.10.0 build 5430
  Created: 01-11-2020 15:14 UTC (16:14 CEST)
  System: Mac OS X 10.16
  Runtime: Groovy 3.0.5 on Java HotSpot(TM) 64-Bit Server VM 14.0.2+12-46
  Encoding: UTF-8 (UTF-8)
  Process: 60140@macbook-pro.lan [192.168.86.237]
  CPUs: 8 - Mem: 16 GB (659 MB) - Swap: 2 GB (1.6 GB)
Jan-03 22:55:26.290 [main] DEBUG nextflow.Session - Work-dir: /Users/phki/Desktop/plasmid_nextflow/plasmidPublication/work [Mac OS X]
Jan-03 22:55:26.290 [main] DEBUG nextflow.Session - Script base path does not exist or is not a directory: /Users/phki/Desktop/plasmid_nextflow/plasmidPublication/bin
Jan-03 22:55:26.342 [main] DEBUG nextflow.Session - Observer factory: TowerFactory
Jan-03 22:55:26.344 [main] DEBUG nextflow.Session - Observer factory: DefaultObserverFactory
Jan-03 22:55:26.481 [main] DEBUG nextflow.Session - Session start invoked
Jan-03 22:55:27.277 [main] DEBUG nextflow.script.ScriptRunner - > Launching execution
Jan-03 22:55:27.286 [main] DEBUG nextflow.Session - Workflow process names [dsl1]: filter_length, split_sequence, run_map_back, run_assembly
Jan-03 22:55:27.313 [PathVisitor-1] DEBUG nextflow.file.PathVisitor - files for syntax: glob; folder: /Users/phki/Desktop/plasmid_nextflow/plasmidPublication/data/; pattern: *.fastq; options: [:]
Jan-03 22:55:27.392 [Actor Thread 1] DEBUG n.splitter.AbstractTextSplitter - Splitter `Fastq` collector path: nextflow.splitter.TextFileCollector$CachePath(/Users/phki/Desktop/plasmid_nextflow/plasmidPublication/work/36/c921975cceda90e598cf751e13049f/Sample_B.fastq, null)
Jan-03 22:55:27.454 [main] DEBUG nextflow.executor.ExecutorFactory - << taskConfig executor: null
Jan-03 22:55:27.454 [main] DEBUG nextflow.executor.ExecutorFactory - >> processorType: 'local'
Jan-03 22:55:27.458 [main] DEBUG nextflow.executor.Executor - [warm up] executor > local
Jan-03 22:55:27.463 [main] DEBUG n.processor.LocalPollingMonitor - Creating local task monitor for executor 'local' > cpus=8; memory=16 GB; capacity=8; pollInterval=100ms; dumpInterval=5m
Jan-03 22:55:27.478 [Actor Thread 1] DEBUG n.splitter.AbstractTextSplitter - Splitter `Fastq` collector path: nextflow.splitter.TextFileCollector$CachePath(/Users/phki/Desktop/plasmid_nextflow/plasmidPublication/work/05/0b2a7aeb723554241ea5a37a1710cc/Sample_A.fastq, null)
Jan-03 22:55:27.558 [main] DEBUG nextflow.executor.ExecutorFactory - << taskConfig executor: null
Jan-03 22:55:27.558 [main] DEBUG nextflow.executor.ExecutorFactory - >> processorType: 'local'
Jan-03 22:55:27.567 [main] DEBUG nextflow.executor.ExecutorFactory - << taskConfig executor: null
Jan-03 22:55:27.567 [main] DEBUG nextflow.executor.ExecutorFactory - >> processorType: 'local'
Jan-03 22:55:27.575 [main] DEBUG nextflow.executor.ExecutorFactory - << taskConfig executor: null
Jan-03 22:55:27.576 [main] DEBUG nextflow.executor.ExecutorFactory - >> processorType: 'local'
Jan-03 22:55:27.580 [main] DEBUG nextflow.script.ScriptRunner - > Await termination 
Jan-03 22:55:27.580 [main] DEBUG nextflow.Session - Session await
Jan-03 22:55:27.697 [Task submitter] DEBUG nextflow.executor.LocalTaskHandler - Launch cmd line: /bin/bash -ue .command.run
Jan-03 22:55:27.703 [Task submitter] INFO  nextflow.Session - [f4/866ca6] Submitted process > filter_length (8)
Jan-03 22:55:27.710 [Task submitter] DEBUG nextflow.executor.LocalTaskHandler - Launch cmd line: /bin/bash -ue .command.run
Jan-03 22:55:27.711 [Task submitter] INFO  nextflow.Session - [50/23d51c] Submitted process > filter_length (7)
Jan-03 22:55:27.786 [Task submitter] DEBUG nextflow.executor.LocalTaskHandler - Launch cmd line: /bin/bash -ue .command.run
Jan-03 22:55:27.787 [Task submitter] INFO  nextflow.Session - [f0/d7f813] Submitted process > filter_length (5)
Jan-03 22:55:27.790 [Task monitor] DEBUG n.processor.TaskPollingMonitor - Task completed > TaskHandler[id: 8; name: filter_length (8); status: COMPLETED; exit: 0; error: -; workDir: /Users/phki/Desktop/plasmid_nextflow/plasmidPublication/work/f4/866ca65dfbf93e3a10d0751b400bbc]
Jan-03 22:55:27.795 [Task submitter] DEBUG nextflow.executor.LocalTaskHandler - Launch cmd line: /bin/bash -ue .command.run
Jan-03 22:55:27.797 [Task submitter] INFO  nextflow.Session - [2a/d3c42b] Submitted process > filter_length (6)
Jan-03 22:55:27.806 [Task submitter] DEBUG nextflow.executor.LocalTaskHandler - Launch cmd line: /bin/bash -ue .command.run
Jan-03 22:55:27.807 [Task submitter] INFO  nextflow.Session - [1a/782927] Submitted process > filter_length (2)
Jan-03 22:55:27.811 [Task monitor] DEBUG n.processor.TaskPollingMonitor - Task completed > TaskHandler[id: 1; name: filter_length (7); status: COMPLETED; exit: 0; error: -; workDir: /Users/phki/Desktop/plasmid_nextflow/plasmidPublication/work/50/23d51c71200e5da258d0e9de394a0c]
Jan-03 22:55:27.816 [Task submitter] DEBUG nextflow.executor.LocalTaskHandler - Launch cmd line: /bin/bash -ue .command.run
Jan-03 22:55:27.828 [Task submitter] INFO  nextflow.Session - [f0/f131ae] Submitted process > filter_length (4)
Jan-03 22:55:27.835 [Task submitter] DEBUG nextflow.executor.LocalTaskHandler - Launch cmd line: /bin/bash -ue .command.run
Jan-03 22:55:27.848 [Task submitter] INFO  nextflow.Session - [56/23e99f] Submitted process > filter_length (3)
Jan-03 22:55:27.855 [Task submitter] DEBUG nextflow.executor.LocalTaskHandler - Launch cmd line: /bin/bash -ue .command.run
Jan-03 22:55:27.856 [Task submitter] INFO  nextflow.Session - [c3/9520f1] Submitted process > filter_length (1)
Jan-03 22:55:27.864 [Task submitter] DEBUG nextflow.executor.LocalTaskHandler - Launch cmd line: /bin/bash -ue .command.run
Jan-03 22:55:27.865 [Task submitter] INFO  nextflow.Session - [79/19c5a2] Submitted process > split_sequence (1)
Jan-03 22:55:27.891 [Task submitter] DEBUG nextflow.executor.LocalTaskHandler - Launch cmd line: /bin/bash -ue .command.run
Jan-03 22:55:27.901 [Task submitter] INFO  nextflow.Session - [22/09b287] Submitted process > split_sequence (2)
Jan-03 22:55:27.951 [Task monitor] DEBUG n.processor.TaskPollingMonitor - Task completed > TaskHandler[id: 7; name: filter_length (5); status: COMPLETED; exit: 0; error: -; workDir: /Users/phki/Desktop/plasmid_nextflow/plasmidPublication/work/f0/d7f813090f3af45e159fcf49d5cb43]
Jan-03 22:55:27.955 [Task monitor] DEBUG n.processor.TaskPollingMonitor - Task completed > TaskHandler[id: 5; name: filter_length (6); status: COMPLETED; exit: 0; error: -; workDir: /Users/phki/Desktop/plasmid_nextflow/plasmidPublication/work/2a/d3c42b6b9cee3dfdd9aa3a52dd64ab]
Jan-03 22:55:27.961 [Task monitor] DEBUG n.processor.TaskPollingMonitor - Task completed > TaskHandler[id: 3; name: filter_length (2); status: COMPLETED; exit: 0; error: -; workDir: /Users/phki/Desktop/plasmid_nextflow/plasmidPublication/work/1a/782927e5a41b4a73ef44c650d73609]
Jan-03 22:55:27.963 [Task monitor] DEBUG n.processor.TaskPollingMonitor - Task completed > TaskHandler[id: 4; name: filter_length (4); status: COMPLETED; exit: 0; error: -; workDir: /Users/phki/Desktop/plasmid_nextflow/plasmidPublication/work/f0/f131ae104e9a0e696d0883a569aa19]
Jan-03 22:55:27.967 [Task monitor] DEBUG n.processor.TaskPollingMonitor - Task completed > TaskHandler[id: 6; name: filter_length (3); status: COMPLETED; exit: 0; error: -; workDir: /Users/phki/Desktop/plasmid_nextflow/plasmidPublication/work/56/23e99f83a58eb21b0e2558ae6e0e85]
Jan-03 22:55:27.970 [Task monitor] DEBUG n.processor.TaskPollingMonitor - Task completed > TaskHandler[id: 2; name: filter_length (1); status: COMPLETED; exit: 0; error: -; workDir: /Users/phki/Desktop/plasmid_nextflow/plasmidPublication/work/c3/9520f19c1b1183f5a1d9265d881983]
Jan-03 22:55:27.972 [Task submitter] DEBUG nextflow.executor.LocalTaskHandler - Launch cmd line: /bin/bash -ue .command.run
Jan-03 22:55:27.974 [Task submitter] INFO  nextflow.Session - [42/6704df] Submitted process > split_sequence (3)
Jan-03 22:55:27.981 [Task submitter] DEBUG nextflow.executor.LocalTaskHandler - Launch cmd line: /bin/bash -ue .command.run
Jan-03 22:55:27.981 [Task submitter] INFO  nextflow.Session - [00/7d7a39] Submitted process > split_sequence (4)
Jan-03 22:55:27.987 [Task submitter] DEBUG nextflow.executor.LocalTaskHandler - Launch cmd line: /bin/bash -ue .command.run
Jan-03 22:55:27.988 [Task submitter] INFO  nextflow.Session - [11/421bdb] Submitted process > split_sequence (5)
Jan-03 22:55:27.996 [Task submitter] DEBUG nextflow.executor.LocalTaskHandler - Launch cmd line: /bin/bash -ue .command.run
Jan-03 22:55:27.998 [Task submitter] INFO  nextflow.Session - [9e/503f6a] Submitted process > split_sequence (6)
Jan-03 22:55:28.006 [Task submitter] DEBUG nextflow.executor.LocalTaskHandler - Launch cmd line: /bin/bash -ue .command.run
Jan-03 22:55:28.007 [Task submitter] INFO  nextflow.Session - [a7/2df2a6] Submitted process > split_sequence (7)
Jan-03 22:55:28.030 [Task submitter] DEBUG nextflow.executor.LocalTaskHandler - Launch cmd line: /bin/bash -ue .command.run
Jan-03 22:55:28.032 [Task submitter] INFO  nextflow.Session - [fb/fa74d4] Submitted process > split_sequence (8)
Jan-03 22:55:28.193 [Task monitor] DEBUG n.processor.TaskPollingMonitor - Task completed > TaskHandler[id: 10; name: split_sequence (2); status: COMPLETED; exit: 1; error: -; workDir: /Users/phki/Desktop/plasmid_nextflow/plasmidPublication/work/22/09b28776c5c7b1f5ab6f969ce7e9cd]
Jan-03 22:55:28.200 [Task monitor] INFO  nextflow.processor.TaskProcessor - [22/09b287] NOTE: Process `split_sequence (2)` terminated with an error exit status (1) -- Error is ignored
Jan-03 22:55:28.217 [Task monitor] DEBUG n.processor.TaskPollingMonitor - Task completed > TaskHandler[id: 9; name: split_sequence (1); status: COMPLETED; exit: 1; error: -; workDir: /Users/phki/Desktop/plasmid_nextflow/plasmidPublication/work/79/19c5a28198eb3fd4189370f9449294]
Jan-03 22:55:28.218 [Task monitor] INFO  nextflow.processor.TaskProcessor - [79/19c5a2] NOTE: Process `split_sequence (1)` terminated with an error exit status (1) -- Error is ignored
Jan-03 22:55:28.219 [Task monitor] DEBUG n.processor.TaskPollingMonitor - Task completed > TaskHandler[id: 11; name: split_sequence (3); status: COMPLETED; exit: 0; error: -; workDir: /Users/phki/Desktop/plasmid_nextflow/plasmidPublication/work/42/6704df554d3314b968bab573df8eb5]
Jan-03 22:55:28.233 [Task submitter] DEBUG nextflow.executor.LocalTaskHandler - Launch cmd line: /bin/bash -ue .command.run
Jan-03 22:55:28.233 [Task submitter] INFO  nextflow.Session - [50/6a7be6] Submitted process > run_assembly (1)
Jan-03 22:55:28.240 [Task monitor] DEBUG n.processor.TaskPollingMonitor - Task completed > TaskHandler[id: 13; name: split_sequence (5); status: COMPLETED; exit: 0; error: -; workDir: /Users/phki/Desktop/plasmid_nextflow/plasmidPublication/work/11/421bdb4abfa21f7b1fdb492edf8c07]
Jan-03 22:55:28.250 [Task submitter] DEBUG nextflow.executor.LocalTaskHandler - Launch cmd line: /bin/bash -ue .command.run
Jan-03 22:55:28.251 [Task submitter] INFO  nextflow.Session - [75/ad6af3] Submitted process > run_assembly (2)
Jan-03 22:55:28.252 [Task monitor] DEBUG n.processor.TaskPollingMonitor - Task completed > TaskHandler[id: 15; name: split_sequence (7); status: COMPLETED; exit: 1; error: -; workDir: /Users/phki/Desktop/plasmid_nextflow/plasmidPublication/work/a7/2df2a653f22fce3b7cc52c07fc234c]
Jan-03 22:55:28.252 [Task monitor] INFO  nextflow.processor.TaskProcessor - [a7/2df2a6] NOTE: Process `split_sequence (7)` terminated with an error exit status (1) -- Error is ignored
Jan-03 22:55:28.269 [Task monitor] DEBUG n.processor.TaskPollingMonitor - Task completed > TaskHandler[id: 12; name: split_sequence (4); status: COMPLETED; exit: 0; error: -; workDir: /Users/phki/Desktop/plasmid_nextflow/plasmidPublication/work/00/7d7a399567b076724668a7a0dc70a9]
Jan-03 22:55:28.274 [Task monitor] DEBUG n.processor.TaskPollingMonitor - Task completed > TaskHandler[id: 14; name: split_sequence (6); status: COMPLETED; exit: 1; error: -; workDir: /Users/phki/Desktop/plasmid_nextflow/plasmidPublication/work/9e/503f6a7cc5a62a97fe1d6118e44a05]
Jan-03 22:55:28.275 [Task monitor] INFO  nextflow.processor.TaskProcessor - [9e/503f6a] NOTE: Process `split_sequence (6)` terminated with an error exit status (1) -- Error is ignored
Jan-03 22:55:28.282 [Task submitter] DEBUG nextflow.executor.LocalTaskHandler - Launch cmd line: /bin/bash -ue .command.run
Jan-03 22:55:28.282 [Task submitter] INFO  nextflow.Session - [64/75c693] Submitted process > run_assembly (3)
Jan-03 22:55:28.305 [Task monitor] DEBUG n.processor.TaskPollingMonitor - Task completed > TaskHandler[id: 16; name: split_sequence (8); status: COMPLETED; exit: 0; error: -; workDir: /Users/phki/Desktop/plasmid_nextflow/plasmidPublication/work/fb/fa74d48dffad9908e2f3c79fbb9167]
Jan-03 22:55:28.316 [Task submitter] DEBUG nextflow.executor.LocalTaskHandler - Launch cmd line: /bin/bash -ue .command.run
Jan-03 22:55:28.317 [Task submitter] INFO  nextflow.Session - [ef/ee5d7d] Submitted process > run_assembly (4)
Jan-03 22:55:28.342 [Task monitor] DEBUG n.processor.TaskPollingMonitor - Task completed > TaskHandler[id: 17; name: run_assembly (1); status: COMPLETED; exit: 0; error: -; workDir: /Users/phki/Desktop/plasmid_nextflow/plasmidPublication/work/50/6a7be6617178b475376561eac2c26c]
Jan-03 22:55:28.362 [Task submitter] DEBUG nextflow.executor.LocalTaskHandler - Launch cmd line: /bin/bash -ue .command.run
Jan-03 22:55:28.362 [Task submitter] INFO  nextflow.Session - [be/7e763a] Submitted process > run_map_back (1)
Jan-03 22:55:28.370 [Task monitor] DEBUG n.util.BlockingThreadExecutorFactory - Thread pool name=FileTransfer; maxThreads=24; maxQueueSize=72; keepAlive=1m
Jan-03 22:55:28.381 [Task monitor] DEBUG n.processor.TaskPollingMonitor - Task completed > TaskHandler[id: 18; name: run_assembly (2); status: COMPLETED; exit: 0; error: -; workDir: /Users/phki/Desktop/plasmid_nextflow/plasmidPublication/work/75/ad6af3f84445f226bdcf5227d8773b]
Jan-03 22:55:28.394 [Task submitter] DEBUG nextflow.executor.LocalTaskHandler - Launch cmd line: /bin/bash -ue .command.run
Jan-03 22:55:28.395 [Task submitter] INFO  nextflow.Session - [a2/b49b1f] Submitted process > run_map_back (2)
Jan-03 22:55:28.396 [Task monitor] DEBUG n.processor.TaskPollingMonitor - Task completed > TaskHandler[id: 19; name: run_assembly (3); status: COMPLETED; exit: 0; error: -; workDir: /Users/phki/Desktop/plasmid_nextflow/plasmidPublication/work/64/75c69337d56a84a2056e4042e12b36]
Jan-03 22:55:28.408 [Task submitter] DEBUG nextflow.executor.LocalTaskHandler - Launch cmd line: /bin/bash -ue .command.run
Jan-03 22:55:28.408 [Task submitter] INFO  nextflow.Session - [6b/1a72a1] Submitted process > run_map_back (3)
Jan-03 22:55:28.441 [Task monitor] DEBUG n.processor.TaskPollingMonitor - Task completed > TaskHandler[id: 20; name: run_assembly (4); status: COMPLETED; exit: 0; error: -; workDir: /Users/phki/Desktop/plasmid_nextflow/plasmidPublication/work/ef/ee5d7d3ec2294a5b875611dd55f8dc]
Jan-03 22:55:28.453 [Task submitter] DEBUG nextflow.executor.LocalTaskHandler - Launch cmd line: /bin/bash -ue .command.run
Jan-03 22:55:28.454 [Task submitter] INFO  nextflow.Session - [e2/2d07c1] Submitted process > run_map_back (4)
Jan-03 22:55:30.573 [Task monitor] DEBUG n.processor.TaskPollingMonitor - Task completed > TaskHandler[id: 21; name: run_map_back (1); status: COMPLETED; exit: 0; error: -; workDir: /Users/phki/Desktop/plasmid_nextflow/plasmidPublication/work/be/7e763ae2d0d0310c60e3b4889c7035]
Jan-03 22:55:30.575 [Task monitor] DEBUG n.processor.TaskPollingMonitor - Task completed > TaskHandler[id: 22; name: run_map_back (2); status: COMPLETED; exit: 0; error: -; workDir: /Users/phki/Desktop/plasmid_nextflow/plasmidPublication/work/a2/b49b1fe3d44840d062dd5a3115de06]
Jan-03 22:55:30.577 [Task monitor] DEBUG n.processor.TaskPollingMonitor - Task completed > TaskHandler[id: 23; name: run_map_back (3); status: COMPLETED; exit: 0; error: -; workDir: /Users/phki/Desktop/plasmid_nextflow/plasmidPublication/work/6b/1a72a140dfb46a95c2fb3568fddfa9]
Jan-03 22:55:30.579 [Task monitor] DEBUG n.processor.TaskPollingMonitor - Task completed > TaskHandler[id: 24; name: run_map_back (4); status: COMPLETED; exit: 0; error: -; workDir: /Users/phki/Desktop/plasmid_nextflow/plasmidPublication/work/e2/2d07c1c87411657ee79e798737df8f]
Jan-03 22:55:30.581 [main] DEBUG nextflow.Session - Session await > all process finished
Jan-03 22:55:30.581 [main] DEBUG nextflow.Session - Session await > all barriers passed
Jan-03 22:55:30.588 [main] DEBUG nextflow.trace.WorkflowStatsObserver - Workflow completed > WorkflowStats[succeededCount=20; failedCount=4; ignoredCount=4; cachedCount=0; pendingCount=0; submittedCount=0; runningCount=0; retriesCount=0; abortedCount=0; succeedDuration=9.9s; failedDuration=879ms; cachedDuration=0ms;loadCpus=0; loadMemory=0; peakRunning=8; peakCpus=8; peakMemory=0; ]
Jan-03 22:55:30.614 [main] DEBUG nextflow.CacheDB - Closing CacheDB done
Jan-03 22:55:30.621 [main] DEBUG nextflow.util.SpuriousDeps - AWS S3 uploader shutdown
Jan-03 22:55:30.630 [main] DEBUG nextflow.script.ScriptRunner - > Execution complete -- Goodbye
